<?xml version="1.0" encoding="UTF-8"?><testrun name="TestRunner" project="crc" tests="7" started="7" failures="0" errors="2" ignored="2">
  <testsuite name="testrunner.TestRunner" time="20.389">
    <testsuite name="Feature: Survaeillance_FO_QA" time="20.389">
      <testsuite name="Scenario: TC0030_BO_QA-Verify Survaeillance Link." time="18.633" incomplete="true">
        <error>org.openqa.selenium.ElementClickInterceptedException: element click intercepted: Element &lt;span class="ng-arrow-wrapper"&gt;...&lt;/span&gt; is not clickable at point (430, 99). Other element would receive the click: &lt;div _ngcontent-ng-cli-universal-c108="" class="backdrop full-screen" style="border-radius: 0px; background-color: rgba(255, 255, 255, 0.5);"&gt;&lt;/div&gt;
  (Session info: chrome=114.0.5735.110)
Build info: version: '3.11.0', revision: 'e59cfb3', time: '2018-03-11T20:26:55.152Z'
System info: host: 'PW1ETSQUAS020BV', ip: '10.128.17.188', os.name: 'Windows 10', os.arch: 'amd64', os.version: '10.0', java.version: '1.8.0_371'
Driver info: org.openqa.selenium.chrome.ChromeDriver
Capabilities {acceptInsecureCerts: false, browserName: chrome, browserVersion: 114.0.5735.110, chrome: {chromedriverVersion: 114.0.5735.90 (386bc09e8f4f..., userDataDir: C:\Windows\SystemTemp\scope...}, goog:chromeOptions: {debuggerAddress: localhost:56009}, javascriptEnabled: true, networkConnectionEnabled: false, pageLoadStrategy: normal, platform: WINDOWS, platformName: WINDOWS, proxy: Proxy(), setWindowRect: true, strictFileInteractability: false, timeouts: {implicit: 0, pageLoad: 300000, script: 30000}, unhandledPromptBehavior: dismiss and notify, webauthn:extension:credBlob: true, webauthn:extension:largeBlob: true, webauthn:extension:minPinLength: true, webauthn:extension:prf: true, webauthn:virtualAuthenticators: true}
Session ID: bbee0d743a03c09f05fad31c162f5af5&#13;
	at sun.reflect.NativeConstructorAccessorImpl.newInstance0(Native Method)&#13;
	at sun.reflect.NativeConstructorAccessorImpl.newInstance(Unknown Source)&#13;
	at sun.reflect.DelegatingConstructorAccessorImpl.newInstance(Unknown Source)&#13;
	at java.lang.reflect.Constructor.newInstance(Unknown Source)&#13;
	at org.openqa.selenium.remote.http.W3CHttpResponseCodec.createException(W3CHttpResponseCodec.java:187)&#13;
	at org.openqa.selenium.remote.http.W3CHttpResponseCodec.decode(W3CHttpResponseCodec.java:122)&#13;
	at org.openqa.selenium.remote.http.W3CHttpResponseCodec.decode(W3CHttpResponseCodec.java:49)&#13;
	at org.openqa.selenium.remote.HttpCommandExecutor.execute(HttpCommandExecutor.java:158)&#13;
	at org.openqa.selenium.remote.service.DriverCommandExecutor.execute(DriverCommandExecutor.java:83)&#13;
	at org.openqa.selenium.remote.RemoteWebDriver.execute(RemoteWebDriver.java:545)&#13;
	at org.openqa.selenium.remote.RemoteWebElement.execute(RemoteWebElement.java:279)&#13;
	at org.openqa.selenium.remote.RemoteWebElement.click(RemoteWebElement.java:83)&#13;
	at sun.reflect.NativeMethodAccessorImpl.invoke0(Native Method)&#13;
	at sun.reflect.NativeMethodAccessorImpl.invoke(Unknown Source)&#13;
	at sun.reflect.DelegatingMethodAccessorImpl.invoke(Unknown Source)&#13;
	at java.lang.reflect.Method.invoke(Unknown Source)&#13;
	at org.openqa.selenium.support.pagefactory.internal.LocatingElementHandler.invoke(LocatingElementHandler.java:51)&#13;
	at com.sun.proxy.$Proxy21.click(Unknown Source)&#13;
	at steps.ReviewNumberSteps.ReviewNumberDropdown(ReviewNumberSteps.java:71)&#13;
	at stepdefinitions.ReviewNumberStepDefination.selectReviewNumberDropDown(ReviewNumberStepDefination.java:49)&#13;
	at ✽.And User Select the Review Number dropdown(SearchReviewNmuber.feature:13)&#13;
&#13;
</error>
        <testcase name="Given Login to AP" classname="Scenario: TC0030_BO_QA-Verify Survaeillance Link." time="3.225"/>
        <testcase name="When User navigates to Backoffice" classname="Scenario: TC0030_BO_QA-Verify Survaeillance Link." time="9.719"/>
        <testcase name="When User navigates to Surveillance" classname="Scenario: TC0030_BO_QA-Verify Survaeillance Link." time="4.461"/>
        <testcase name="And User is on Home Page" classname="Scenario: TC0030_BO_QA-Verify Survaeillance Link." time="1.196"/>
        <testcase name="And User Select the Review Number dropdown" classname="Scenario: TC0030_BO_QA-Verify Survaeillance Link." time="0.03">
          <error>org.openqa.selenium.ElementClickInterceptedException: element click intercepted: Element &lt;span class="ng-arrow-wrapper"&gt;...&lt;/span&gt; is not clickable at point (430, 99). Other element would receive the click: &lt;div _ngcontent-ng-cli-universal-c108="" class="backdrop full-screen" style="border-radius: 0px; background-color: rgba(255, 255, 255, 0.5);"&gt;&lt;/div&gt;
  (Session info: chrome=114.0.5735.110)
Build info: version: '3.11.0', revision: 'e59cfb3', time: '2018-03-11T20:26:55.152Z'
System info: host: 'PW1ETSQUAS020BV', ip: '10.128.17.188', os.name: 'Windows 10', os.arch: 'amd64', os.version: '10.0', java.version: '1.8.0_371'
Driver info: org.openqa.selenium.chrome.ChromeDriver
Capabilities {acceptInsecureCerts: false, browserName: chrome, browserVersion: 114.0.5735.110, chrome: {chromedriverVersion: 114.0.5735.90 (386bc09e8f4f..., userDataDir: C:\Windows\SystemTemp\scope...}, goog:chromeOptions: {debuggerAddress: localhost:56009}, javascriptEnabled: true, networkConnectionEnabled: false, pageLoadStrategy: normal, platform: WINDOWS, platformName: WINDOWS, proxy: Proxy(), setWindowRect: true, strictFileInteractability: false, timeouts: {implicit: 0, pageLoad: 300000, script: 30000}, unhandledPromptBehavior: dismiss and notify, webauthn:extension:credBlob: true, webauthn:extension:largeBlob: true, webauthn:extension:minPinLength: true, webauthn:extension:prf: true, webauthn:virtualAuthenticators: true}
Session ID: bbee0d743a03c09f05fad31c162f5af5&#13;
	at sun.reflect.NativeConstructorAccessorImpl.newInstance0(Native Method)&#13;
	at sun.reflect.NativeConstructorAccessorImpl.newInstance(Unknown Source)&#13;
	at sun.reflect.DelegatingConstructorAccessorImpl.newInstance(Unknown Source)&#13;
	at java.lang.reflect.Constructor.newInstance(Unknown Source)&#13;
	at org.openqa.selenium.remote.http.W3CHttpResponseCodec.createException(W3CHttpResponseCodec.java:187)&#13;
	at org.openqa.selenium.remote.http.W3CHttpResponseCodec.decode(W3CHttpResponseCodec.java:122)&#13;
	at org.openqa.selenium.remote.http.W3CHttpResponseCodec.decode(W3CHttpResponseCodec.java:49)&#13;
	at org.openqa.selenium.remote.HttpCommandExecutor.execute(HttpCommandExecutor.java:158)&#13;
	at org.openqa.selenium.remote.service.DriverCommandExecutor.execute(DriverCommandExecutor.java:83)&#13;
	at org.openqa.selenium.remote.RemoteWebDriver.execute(RemoteWebDriver.java:545)&#13;
	at org.openqa.selenium.remote.RemoteWebElement.execute(RemoteWebElement.java:279)&#13;
	at org.openqa.selenium.remote.RemoteWebElement.click(RemoteWebElement.java:83)&#13;
	at sun.reflect.NativeMethodAccessorImpl.invoke0(Native Method)&#13;
	at sun.reflect.NativeMethodAccessorImpl.invoke(Unknown Source)&#13;
	at sun.reflect.DelegatingMethodAccessorImpl.invoke(Unknown Source)&#13;
	at java.lang.reflect.Method.invoke(Unknown Source)&#13;
	at org.openqa.selenium.support.pagefactory.internal.LocatingElementHandler.invoke(LocatingElementHandler.java:51)&#13;
	at com.sun.proxy.$Proxy21.click(Unknown Source)&#13;
	at steps.ReviewNumberSteps.ReviewNumberDropdown(ReviewNumberSteps.java:71)&#13;
	at stepdefinitions.ReviewNumberStepDefination.selectReviewNumberDropDown(ReviewNumberStepDefination.java:49)&#13;
	at ✽.And User Select the Review Number dropdown(SearchReviewNmuber.feature:13)&#13;
&#13;
</error>
        </testcase>
        <testcase name="And User search the Review Number" classname="Scenario: TC0030_BO_QA-Verify Survaeillance Link." time="0.037" ignored="true"/>
        <testcase name="And User clicks on view tab." classname="Scenario: TC0030_BO_QA-Verify Survaeillance Link." time="1.634" ignored="true"/>
      </testsuite>
    </testsuite>
  </testsuite>
</testrun>
