<?xml version="1.0" encoding="UTF-8"?><testrun name="TestRunner" project="crc" tests="7" started="7" failures="0" errors="2" ignored="5">
  <testsuite name="testrunner.TestRunner" incomplete="true">
    <testsuite name="Feature: Survaeillance_FO_QA" incomplete="true">
      <testsuite name="Scenario: TC0030_BO_QA-Verify Survaeillance Link." time="0.036" incomplete="true">
        <error>org.openqa.selenium.NoSuchWindowException: no such window: target window already closed
from unknown error: web view not found
  (Session info: chrome=114.0.5735.110)
Build info: version: '3.11.0', revision: 'e59cfb3', time: '2018-03-11T20:26:55.152Z'
System info: host: 'PW1ETSQUAS034BV', ip: '10.128.16.62', os.name: 'Windows 10', os.arch: 'amd64', os.version: '10.0', java.version: '1.8.0_371'
Driver info: org.openqa.selenium.chrome.ChromeDriver
Capabilities {acceptInsecureCerts: false, browserName: chrome, browserVersion: 114.0.5735.110, chrome: {chromedriverVersion: 114.0.5735.90 (386bc09e8f4f..., userDataDir: C:\Windows\SystemTemp\scope...}, goog:chromeOptions: {debuggerAddress: localhost:51960}, javascriptEnabled: true, networkConnectionEnabled: false, pageLoadStrategy: normal, platform: WINDOWS, platformName: WINDOWS, proxy: Proxy(), setWindowRect: true, strictFileInteractability: false, timeouts: {implicit: 0, pageLoad: 300000, script: 30000}, unhandledPromptBehavior: dismiss and notify, webauthn:extension:credBlob: true, webauthn:extension:largeBlob: true, webauthn:extension:minPinLength: true, webauthn:extension:prf: true, webauthn:virtualAuthenticators: true}
Session ID: 697f66faa835b40574bbc4cba48bc951&#13;
	at sun.reflect.NativeConstructorAccessorImpl.newInstance0(Native Method)&#13;
	at sun.reflect.NativeConstructorAccessorImpl.newInstance(Unknown Source)&#13;
	at sun.reflect.DelegatingConstructorAccessorImpl.newInstance(Unknown Source)&#13;
	at java.lang.reflect.Constructor.newInstance(Unknown Source)&#13;
	at org.openqa.selenium.remote.http.W3CHttpResponseCodec.createException(W3CHttpResponseCodec.java:187)&#13;
	at org.openqa.selenium.remote.http.W3CHttpResponseCodec.decode(W3CHttpResponseCodec.java:122)&#13;
	at org.openqa.selenium.remote.http.W3CHttpResponseCodec.decode(W3CHttpResponseCodec.java:49)&#13;
	at org.openqa.selenium.remote.HttpCommandExecutor.execute(HttpCommandExecutor.java:158)&#13;
	at org.openqa.selenium.remote.service.DriverCommandExecutor.execute(DriverCommandExecutor.java:83)&#13;
	at org.openqa.selenium.remote.RemoteWebDriver.execute(RemoteWebDriver.java:545)&#13;
	at org.openqa.selenium.remote.RemoteWebDriver.get(RemoteWebDriver.java:273)&#13;
	at stepdefinitions.SAHomeStepDefination.APLogin(SAHomeStepDefination.java:34)&#13;
	at ✽.Given Login to AP(SearchReviewNmuber.feature:9)&#13;
&#13;
</error>
        <testcase name="Given Login to AP" classname="Scenario: TC0030_BO_QA-Verify Survaeillance Link." time="0.034">
          <error>org.openqa.selenium.NoSuchWindowException: no such window: target window already closed
from unknown error: web view not found
  (Session info: chrome=114.0.5735.110)
Build info: version: '3.11.0', revision: 'e59cfb3', time: '2018-03-11T20:26:55.152Z'
System info: host: 'PW1ETSQUAS034BV', ip: '10.128.16.62', os.name: 'Windows 10', os.arch: 'amd64', os.version: '10.0', java.version: '1.8.0_371'
Driver info: org.openqa.selenium.chrome.ChromeDriver
Capabilities {acceptInsecureCerts: false, browserName: chrome, browserVersion: 114.0.5735.110, chrome: {chromedriverVersion: 114.0.5735.90 (386bc09e8f4f..., userDataDir: C:\Windows\SystemTemp\scope...}, goog:chromeOptions: {debuggerAddress: localhost:51960}, javascriptEnabled: true, networkConnectionEnabled: false, pageLoadStrategy: normal, platform: WINDOWS, platformName: WINDOWS, proxy: Proxy(), setWindowRect: true, strictFileInteractability: false, timeouts: {implicit: 0, pageLoad: 300000, script: 30000}, unhandledPromptBehavior: dismiss and notify, webauthn:extension:credBlob: true, webauthn:extension:largeBlob: true, webauthn:extension:minPinLength: true, webauthn:extension:prf: true, webauthn:virtualAuthenticators: true}
Session ID: 697f66faa835b40574bbc4cba48bc951&#13;
	at sun.reflect.NativeConstructorAccessorImpl.newInstance0(Native Method)&#13;
	at sun.reflect.NativeConstructorAccessorImpl.newInstance(Unknown Source)&#13;
	at sun.reflect.DelegatingConstructorAccessorImpl.newInstance(Unknown Source)&#13;
	at java.lang.reflect.Constructor.newInstance(Unknown Source)&#13;
	at org.openqa.selenium.remote.http.W3CHttpResponseCodec.createException(W3CHttpResponseCodec.java:187)&#13;
	at org.openqa.selenium.remote.http.W3CHttpResponseCodec.decode(W3CHttpResponseCodec.java:122)&#13;
	at org.openqa.selenium.remote.http.W3CHttpResponseCodec.decode(W3CHttpResponseCodec.java:49)&#13;
	at org.openqa.selenium.remote.HttpCommandExecutor.execute(HttpCommandExecutor.java:158)&#13;
	at org.openqa.selenium.remote.service.DriverCommandExecutor.execute(DriverCommandExecutor.java:83)&#13;
	at org.openqa.selenium.remote.RemoteWebDriver.execute(RemoteWebDriver.java:545)&#13;
	at org.openqa.selenium.remote.RemoteWebDriver.get(RemoteWebDriver.java:273)&#13;
	at stepdefinitions.SAHomeStepDefination.APLogin(SAHomeStepDefination.java:34)&#13;
	at ✽.Given Login to AP(SearchReviewNmuber.feature:9)&#13;
&#13;
</error>
        </testcase>
        <testcase name="When User navigates to Backoffice" classname="Scenario: TC0030_BO_QA-Verify Survaeillance Link." time="0.016" ignored="true"/>
        <testcase name="When User navigates to Surveillance" classname="Scenario: TC0030_BO_QA-Verify Survaeillance Link." time="0.014" ignored="true"/>
        <testcase name="And User is on Home Page" classname="Scenario: TC0030_BO_QA-Verify Survaeillance Link." time="0.035" ignored="true"/>
        <testcase name="And User Select the Review Number dropdown" classname="Scenario: TC0030_BO_QA-Verify Survaeillance Link." time="0.013" ignored="true"/>
        <testcase name="And User search the Review Number" classname="Scenario: TC0030_BO_QA-Verify Survaeillance Link." time="0.01" ignored="true"/>
        <testcase name="And User clicks on view tab." classname="Scenario: TC0030_BO_QA-Verify Survaeillance Link." incomplete="true"/>
      </testsuite>
    </testsuite>
  </testsuite>
</testrun>
