<?xml version="1.0" encoding="UTF-8"?>
<!-- Generated by org.testng.reporters.JUnitXMLReporter -->
<testsuite hostname="pw1etsquas031bv" name="Regression Test" tests="2" failures="1" timestamp="27 Jul 2023 08:46:27 GMT" time="134.982" errors="0">
  <testcase name="feature" time="40.304" classname="testrunner.TestRunner">
    <failure type="cucumber.runtime.CucumberException" message="java.lang.NullPointerException">
      <![CDATA[cucumber.runtime.CucumberException: java.lang.NullPointerException
	at cucumber.api.testng.TestNGCucumberRunner.runCucumber(TestNGCucumberRunner.java:69)
	at testrunner.TestRunner.feature(TestRunner.java:35)
Caused by: java.lang.NullPointerException
	at stepdefinitions.SAStepDefination.APLogin(SAStepDefination.java:28)
	at âœ½.Given Login to AP(CRC_BO_QA.feature:47)
... Removed 27 stack frames]]>
    </failure>
  </testcase> <!-- feature -->
  <testcase name="feature" time="92.876" classname="testrunner.TestRunner"/>
</testsuite> <!-- Regression Test -->
